<?xml version="1.0" encoding="UTF-8"?>
<testsuite name="junit.testing.TestClass" tests="1" skipped="0" failures="0" errors="0" timestamp="2021-12-02T07:27:11" hostname="fullcretivesMBP" time="0.025">
  <properties/>
  <testcase name="test()" classname="junit.testing.TestClass" time="0.025"/>
  <system-out><![CDATA[]]></system-out>
  <system-err><![CDATA[]]></system-err>
</testsuite>
